<?xml version="1.0" encoding="UTF-8"?>
<!-- Generated by org.testng.reporters.JUnitXMLReporter -->
<testsuite ignored="0" hostname="SREEKANTH" failures="3" tests="15" name="mainTest" time="277.773" errors="0" timestamp="2025-03-15T14:28:34 IST">
  <testcase classname="utilities.BaseClass" name="@AfterMethod logout" time="1.111">
    <failure type="org.openqa.selenium.NoSuchElementException" message="Unable to find element with locator By.linkText: Sign Out
For documentation on this error, please visit: https://www.selenium.dev/documentation/webdriver/troubleshooting/errors#no-such-element-exception
Build info: version: &amp;apos;4.27.0&amp;apos;, revision: &amp;apos;d6e718d134&amp;apos;
System info: os.name: &amp;apos;Windows 11&amp;apos;, os.arch: &amp;apos;amd64&amp;apos;, os.version: &amp;apos;10.0&amp;apos;, java.version: &amp;apos;11.0.26&amp;apos;
Driver info: driver.version: RemoteWebDriver">
      <![CDATA[org.openqa.selenium.NoSuchElementException: Unable to find element with locator By.linkText: Sign Out
For documentation on this error, please visit: https://www.selenium.dev/documentation/webdriver/troubleshooting/errors#no-such-element-exception
Build info: version: '4.27.0', revision: 'd6e718d134'
System info: os.name: 'Windows 11', os.arch: 'amd64', os.version: '10.0', java.version: '11.0.26'
Driver info: driver.version: RemoteWebDriver
at org.openqa.selenium.remote.ElementLocation$ElementFinder$2.findElement(ElementLocation.java:168)
at org.openqa.selenium.remote.ElementLocation.findElement(ElementLocation.java:59)
at org.openqa.selenium.remote.RemoteWebDriver.findElement(RemoteWebDriver.java:368)
at org.openqa.selenium.remote.RemoteWebDriver.findElement(RemoteWebDriver.java:362)
at org.openqa.selenium.support.pagefactory.DefaultElementLocator.findElement(DefaultElementLocator.java:68)
at org.openqa.selenium.support.pagefactory.internal.LocatingElementHandler.invoke(LocatingElementHandler.java:38)
at com.sun.proxy.$Proxy16.click(Unknown Source)
at objectRepository.HomePage.signOut(HomePage.java:57)
at utilities.BaseClass.logout(BaseClass.java:62)
at java.base/java.util.ArrayList.forEach(ArrayList.java:1541)
... Removed 32 stack frames]]>
    </failure>
  </testcase> <!-- @AfterMethod logout -->
  <testcase classname="testPackage.DataSupply" name="printData" time="0.033"/>
  <testcase classname="testPackage.DataSupply" name="printData" time="0.007"/>
  <testcase classname="testPackage.DataSupply" name="printData" time="0.004"/>
  <testcase classname="testPackage.DataSupply" name="printData" time="0.006"/>
  <testcase classname="testPackage.DataSupply1" name="contactDetails" time="0.001"/>
  <testcase classname="testPackage.DataSupply1" name="contactDetails" time="0.001"/>
  <testcase classname="testPackage.DataSupply1" name="contactDetails" time="0.002"/>
  <testcase classname="testPackage.LeadsTest" name="createLead" time="21.144"/>
  <testcase classname="testPackage.ContactTest" name="createContact" time="20.643">
    <failure type="java.lang.AssertionError" message="null">
      <![CDATA[java.lang.AssertionError: null
at testPackage.ContactTest.createContact(ContactTest.java:24)
at java.base/java.util.ArrayList.forEach(ArrayList.java:1541)
... Removed 29 stack frames]]>
    </failure>
  </testcase> <!-- createContact -->
  <testcase classname="testPackage.ContactTest" name="createContact" time="21.232">
    <failure type="java.lang.AssertionError" message="null">
      <![CDATA[java.lang.AssertionError: null
at testPackage.ContactTest.createContact(ContactTest.java:24)
at java.base/java.util.ArrayList.forEach(ArrayList.java:1541)
... Removed 29 stack frames]]>
    </failure>
  </testcase> <!-- createContact -->
  <testcase classname="testPackage.ContactTest" name="createContact" time="21.911">
    <failure type="java.lang.AssertionError" message="null">
      <![CDATA[java.lang.AssertionError: null
at testPackage.ContactTest.createContact(ContactTest.java:24)
at java.base/java.util.ArrayList.forEach(ArrayList.java:1541)
... Removed 29 stack frames]]>
    </failure>
  </testcase> <!-- createContact -->
  <testcase classname="testPackage.DataSupply2Test" name="createContact" time="20.596"/>
  <testcase classname="testPackage.DataSupply2Test" name="createContact" time="25.135"/>
  <testcase classname="testPackage.DataSupply2Test" name="createContact" time="21.313"/>
  <testcase classname="testPackage.OrganizationTest" name="createOrganization" time="13.522"/>
</testsuite> <!-- mainTest -->
