<?xml version="1.0" encoding="UTF-8"?>
<testng-results ignored="0" total="15" passed="12" failed="3" skipped="0">
  <reporter-output>
    <line>
      <![CDATA[---Execution Started---]]>
    </line>
    <line>
      <![CDATA[printData testcase execution started]]>
    </line>
    <line>
      <![CDATA[printData testcase execution started]]>
    </line>
    <line>
      <![CDATA[printData testcase execution started]]>
    </line>
    <line>
      <![CDATA[printData testcase execution started]]>
    </line>
    <line>
      <![CDATA[contactDetails testcase execution started]]>
    </line>
    <line>
      <![CDATA[contactDetails testcase execution started]]>
    </line>
    <line>
      <![CDATA[contactDetails testcase execution started]]>
    </line>
    <line>
      <![CDATA[createLead testcase execution started]]>
    </line>
    <line>
      <![CDATA[createContact testcase execution started]]>
    </line>
    <line>
      <![CDATA[createContact testcase failed]]>
    </line>
    <line>
      <![CDATA[java.lang.AssertionError: null]]>
    </line>
    <line>
      <![CDATA[createContact testcase execution started]]>
    </line>
    <line>
      <![CDATA[createContact testcase failed]]>
    </line>
    <line>
      <![CDATA[java.lang.AssertionError: null]]>
    </line>
    <line>
      <![CDATA[createContact testcase execution started]]>
    </line>
    <line>
      <![CDATA[createContact testcase failed]]>
    </line>
    <line>
      <![CDATA[java.lang.AssertionError: null]]>
    </line>
    <line>
      <![CDATA[createContact testcase execution started]]>
    </line>
    <line>
      <![CDATA[createContact testcase execution started]]>
    </line>
    <line>
      <![CDATA[createContact testcase execution started]]>
    </line>
    <line>
      <![CDATA[createOrganization testcase execution started]]>
    </line>
  </reporter-output>
  <suite started-at="2025-03-15T14:23:56 IST" name="mainSuite" finished-at="2025-03-15T14:28:34 IST" duration-ms="277773">
    <groups>
    </groups>
    <test started-at="2025-03-15T14:23:56 IST" name="mainTest" finished-at="2025-03-15T14:28:34 IST" duration-ms="277773">
      <class name="testPackage.ContactTest">
        <test-method is-config="true" signature="login(java.lang.String)[pri:0, instance:testPackage.ContactTest@491b9b8]" started-at="2025-03-15T14:24:36 IST" name="login" finished-at="2025-03-15T14:24:46 IST" duration-ms="9846" status="PASS">
          <params>
            <param index="0">
              <value>
                <![CDATA[edge]]>
              </value>
            </param>
          </params>
          <reporter-output>
          </reporter-output>
        </test-method> <!-- login -->
        <test-method signature="createContact()[pri:0, instance:testPackage.ContactTest@491b9b8]" started-at="2025-03-15T14:24:46 IST" name="createContact" finished-at="2025-03-15T14:25:07 IST" duration-ms="20643" status="FAIL">
          <exception class="java.lang.AssertionError">
            <message>
              <![CDATA[null]]>
            </message>
            <full-stacktrace>
              <![CDATA[java.lang.AssertionError: null
at org.testng.Assert.fail(Assert.java:111)
at org.testng.Assert.fail(Assert.java:116)
at testPackage.ContactTest.createContact(ContactTest.java:24)
at java.base/jdk.internal.reflect.NativeMethodAccessorImpl.invoke0(Native Method)
at java.base/jdk.internal.reflect.NativeMethodAccessorImpl.invoke(NativeMethodAccessorImpl.java:62)
at java.base/jdk.internal.reflect.DelegatingMethodAccessorImpl.invoke(DelegatingMethodAccessorImpl.java:43)
at java.base/java.lang.reflect.Method.invoke(Method.java:566)
at org.testng.internal.invokers.MethodInvocationHelper.invokeMethod(MethodInvocationHelper.java:141)
at org.testng.internal.invokers.TestInvoker.invokeMethod(TestInvoker.java:686)
at org.testng.internal.invokers.TestInvoker.invokeTestMethod(TestInvoker.java:230)
at org.testng.internal.invokers.MethodRunner.runInSequence(MethodRunner.java:63)
at org.testng.internal.invokers.TestInvoker$MethodInvocationAgent.invoke(TestInvoker.java:992)
at org.testng.internal.invokers.TestInvoker.invokeTestMethods(TestInvoker.java:203)
at org.testng.internal.invokers.TestMethodWorker.invokeTestMethods(TestMethodWorker.java:154)
at org.testng.internal.invokers.TestMethodWorker.run(TestMethodWorker.java:134)
at java.base/java.util.ArrayList.forEach(ArrayList.java:1541)
at org.testng.TestRunner.privateRun(TestRunner.java:739)
at org.testng.TestRunner.run(TestRunner.java:614)
at org.testng.SuiteRunner.runTest(SuiteRunner.java:421)
at org.testng.SuiteRunner.runSequentially(SuiteRunner.java:413)
at org.testng.SuiteRunner.privateRun(SuiteRunner.java:373)
at org.testng.SuiteRunner.run(SuiteRunner.java:312)
at org.testng.SuiteRunnerWorker.runSuite(SuiteRunnerWorker.java:52)
at org.testng.SuiteRunnerWorker.run(SuiteRunnerWorker.java:95)
at org.testng.TestNG.runSuitesSequentially(TestNG.java:1274)
at org.testng.TestNG.runSuitesLocally(TestNG.java:1208)
at org.testng.TestNG.runSuites(TestNG.java:1112)
at org.testng.TestNG.run(TestNG.java:1079)
at org.testng.remote.AbstractRemoteTestNG.run(AbstractRemoteTestNG.java:115)
at org.testng.remote.RemoteTestNG.initAndRun(RemoteTestNG.java:293)
at org.testng.remote.RemoteTestNG.main(RemoteTestNG.java:91)
]]>
            </full-stacktrace>
          </exception> <!-- java.lang.AssertionError -->
          <reporter-output>
            <line>
              <![CDATA[createContact testcase execution started]]>
            </line>
            <line>
              <![CDATA[createContact testcase failed]]>
            </line>
            <line>
              <![CDATA[java.lang.AssertionError: null]]>
            </line>
          </reporter-output>
        </test-method> <!-- createContact -->
        <test-method is-config="true" signature="logout()[pri:0, instance:testPackage.ContactTest@491b9b8]" started-at="2025-03-15T14:25:07 IST" name="logout" finished-at="2025-03-15T14:25:11 IST" duration-ms="4075" status="PASS">
          <reporter-output>
          </reporter-output>
        </test-method> <!-- logout -->
        <test-method is-config="true" signature="login(java.lang.String)[pri:0, instance:testPackage.ContactTest@491b9b8]" started-at="2025-03-15T14:25:11 IST" name="login" finished-at="2025-03-15T14:25:21 IST" duration-ms="9643" status="PASS">
          <params>
            <param index="0">
              <value>
                <![CDATA[edge]]>
              </value>
            </param>
          </params>
          <reporter-output>
          </reporter-output>
        </test-method> <!-- login -->
        <test-method signature="createContact()[pri:0, instance:testPackage.ContactTest@491b9b8]" started-at="2025-03-15T14:25:21 IST" name="createContact" finished-at="2025-03-15T14:25:42 IST" duration-ms="21232" status="FAIL">
          <exception class="java.lang.AssertionError">
            <message>
              <![CDATA[null]]>
            </message>
            <full-stacktrace>
              <![CDATA[java.lang.AssertionError: null
at org.testng.Assert.fail(Assert.java:111)
at org.testng.Assert.fail(Assert.java:116)
at testPackage.ContactTest.createContact(ContactTest.java:24)
at java.base/jdk.internal.reflect.NativeMethodAccessorImpl.invoke0(Native Method)
at java.base/jdk.internal.reflect.NativeMethodAccessorImpl.invoke(NativeMethodAccessorImpl.java:62)
at java.base/jdk.internal.reflect.DelegatingMethodAccessorImpl.invoke(DelegatingMethodAccessorImpl.java:43)
at java.base/java.lang.reflect.Method.invoke(Method.java:566)
at org.testng.internal.invokers.MethodInvocationHelper.invokeMethod(MethodInvocationHelper.java:141)
at org.testng.internal.invokers.TestInvoker.invokeMethod(TestInvoker.java:686)
at org.testng.internal.invokers.TestInvoker.invokeTestMethod(TestInvoker.java:230)
at org.testng.internal.invokers.MethodRunner.runInSequence(MethodRunner.java:63)
at org.testng.internal.invokers.TestInvoker$MethodInvocationAgent.invoke(TestInvoker.java:992)
at org.testng.internal.invokers.TestInvoker.invokeTestMethods(TestInvoker.java:203)
at org.testng.internal.invokers.TestMethodWorker.invokeTestMethods(TestMethodWorker.java:154)
at org.testng.internal.invokers.TestMethodWorker.run(TestMethodWorker.java:134)
at java.base/java.util.ArrayList.forEach(ArrayList.java:1541)
at org.testng.TestRunner.privateRun(TestRunner.java:739)
at org.testng.TestRunner.run(TestRunner.java:614)
at org.testng.SuiteRunner.runTest(SuiteRunner.java:421)
at org.testng.SuiteRunner.runSequentially(SuiteRunner.java:413)
at org.testng.SuiteRunner.privateRun(SuiteRunner.java:373)
at org.testng.SuiteRunner.run(SuiteRunner.java:312)
at org.testng.SuiteRunnerWorker.runSuite(SuiteRunnerWorker.java:52)
at org.testng.SuiteRunnerWorker.run(SuiteRunnerWorker.java:95)
at org.testng.TestNG.runSuitesSequentially(TestNG.java:1274)
at org.testng.TestNG.runSuitesLocally(TestNG.java:1208)
at org.testng.TestNG.runSuites(TestNG.java:1112)
at org.testng.TestNG.run(TestNG.java:1079)
at org.testng.remote.AbstractRemoteTestNG.run(AbstractRemoteTestNG.java:115)
at org.testng.remote.RemoteTestNG.initAndRun(RemoteTestNG.java:293)
at org.testng.remote.RemoteTestNG.main(RemoteTestNG.java:91)
]]>
            </full-stacktrace>
          </exception> <!-- java.lang.AssertionError -->
          <reporter-output>
            <line>
              <![CDATA[createContact testcase execution started]]>
            </line>
            <line>
              <![CDATA[createContact testcase failed]]>
            </line>
            <line>
              <![CDATA[java.lang.AssertionError: null]]>
            </line>
          </reporter-output>
        </test-method> <!-- createContact -->
        <test-method is-config="true" signature="logout()[pri:0, instance:testPackage.ContactTest@491b9b8]" started-at="2025-03-15T14:25:42 IST" name="logout" finished-at="2025-03-15T14:25:47 IST" duration-ms="4190" status="PASS">
          <reporter-output>
          </reporter-output>
        </test-method> <!-- logout -->
        <test-method is-config="true" signature="login(java.lang.String)[pri:0, instance:testPackage.ContactTest@491b9b8]" started-at="2025-03-15T14:25:47 IST" name="login" finished-at="2025-03-15T14:25:58 IST" duration-ms="10883" status="PASS">
          <params>
            <param index="0">
              <value>
                <![CDATA[edge]]>
              </value>
            </param>
          </params>
          <reporter-output>
          </reporter-output>
        </test-method> <!-- login -->
        <test-method signature="createContact()[pri:0, instance:testPackage.ContactTest@491b9b8]" started-at="2025-03-15T14:25:58 IST" name="createContact" finished-at="2025-03-15T14:26:19 IST" duration-ms="21911" status="FAIL">
          <exception class="java.lang.AssertionError">
            <message>
              <![CDATA[null]]>
            </message>
            <full-stacktrace>
              <![CDATA[java.lang.AssertionError: null
at org.testng.Assert.fail(Assert.java:111)
at org.testng.Assert.fail(Assert.java:116)
at testPackage.ContactTest.createContact(ContactTest.java:24)
at java.base/jdk.internal.reflect.NativeMethodAccessorImpl.invoke0(Native Method)
at java.base/jdk.internal.reflect.NativeMethodAccessorImpl.invoke(NativeMethodAccessorImpl.java:62)
at java.base/jdk.internal.reflect.DelegatingMethodAccessorImpl.invoke(DelegatingMethodAccessorImpl.java:43)
at java.base/java.lang.reflect.Method.invoke(Method.java:566)
at org.testng.internal.invokers.MethodInvocationHelper.invokeMethod(MethodInvocationHelper.java:141)
at org.testng.internal.invokers.TestInvoker.invokeMethod(TestInvoker.java:686)
at org.testng.internal.invokers.TestInvoker.invokeTestMethod(TestInvoker.java:230)
at org.testng.internal.invokers.MethodRunner.runInSequence(MethodRunner.java:63)
at org.testng.internal.invokers.TestInvoker$MethodInvocationAgent.invoke(TestInvoker.java:992)
at org.testng.internal.invokers.TestInvoker.invokeTestMethods(TestInvoker.java:203)
at org.testng.internal.invokers.TestMethodWorker.invokeTestMethods(TestMethodWorker.java:154)
at org.testng.internal.invokers.TestMethodWorker.run(TestMethodWorker.java:134)
at java.base/java.util.ArrayList.forEach(ArrayList.java:1541)
at org.testng.TestRunner.privateRun(TestRunner.java:739)
at org.testng.TestRunner.run(TestRunner.java:614)
at org.testng.SuiteRunner.runTest(SuiteRunner.java:421)
at org.testng.SuiteRunner.runSequentially(SuiteRunner.java:413)
at org.testng.SuiteRunner.privateRun(SuiteRunner.java:373)
at org.testng.SuiteRunner.run(SuiteRunner.java:312)
at org.testng.SuiteRunnerWorker.runSuite(SuiteRunnerWorker.java:52)
at org.testng.SuiteRunnerWorker.run(SuiteRunnerWorker.java:95)
at org.testng.TestNG.runSuitesSequentially(TestNG.java:1274)
at org.testng.TestNG.runSuitesLocally(TestNG.java:1208)
at org.testng.TestNG.runSuites(TestNG.java:1112)
at org.testng.TestNG.run(TestNG.java:1079)
at org.testng.remote.AbstractRemoteTestNG.run(AbstractRemoteTestNG.java:115)
at org.testng.remote.RemoteTestNG.initAndRun(RemoteTestNG.java:293)
at org.testng.remote.RemoteTestNG.main(RemoteTestNG.java:91)
]]>
            </full-stacktrace>
          </exception> <!-- java.lang.AssertionError -->
          <reporter-output>
            <line>
              <![CDATA[createContact testcase execution started]]>
            </line>
            <line>
              <![CDATA[createContact testcase failed]]>
            </line>
            <line>
              <![CDATA[java.lang.AssertionError: null]]>
            </line>
          </reporter-output>
        </test-method> <!-- createContact -->
        <test-method is-config="true" signature="logout()[pri:0, instance:testPackage.ContactTest@491b9b8]" started-at="2025-03-15T14:26:20 IST" name="logout" finished-at="2025-03-15T14:26:24 IST" duration-ms="4046" status="PASS">
          <reporter-output>
          </reporter-output>
        </test-method> <!-- logout -->
      </class> <!-- testPackage.ContactTest -->
      <class name="testPackage.DataSupply2Test">
        <test-method is-config="true" signature="login(java.lang.String)[pri:0, instance:testPackage.DataSupply2Test@1a4927d6]" started-at="2025-03-15T14:26:24 IST" name="login" finished-at="2025-03-15T14:26:34 IST" duration-ms="9711" status="PASS">
          <params>
            <param index="0">
              <value>
                <![CDATA[edge]]>
              </value>
            </param>
          </params>
          <reporter-output>
          </reporter-output>
        </test-method> <!-- login -->
        <test-method signature="createContact(java.lang.String,java.lang.String,java.lang.String,java.lang.String,java.lang.String,java.lang.String,java.lang.String,java.lang.String)[pri:0, instance:testPackage.DataSupply2Test@1a4927d6]" started-at="2025-03-15T14:26:34 IST" name="createContact" data-provider="ContactDetails" finished-at="2025-03-15T14:26:54 IST" duration-ms="20596" status="PASS">
          <params>
            <param index="0">
              <value>
                <![CDATA[Mr.]]>
              </value>
            </param>
            <param index="1">
              <value>
                <![CDATA[BatMan]]>
              </value>
            </param>
            <param index="2">
              <value>
                <![CDATA[K]]>
              </value>
            </param>
            <param index="3">
              <value>
                <![CDATA[Employee]]>
              </value>
            </param>
            <param index="4">
              <value>
                <![CDATA[Health Inspector]]>
              </value>
            </param>
            <param index="5">
              <value>
                <![CDATA[health]]>
              </value>
            </param>
            <param index="6">
              <value>
                <![CDATA[batman@gmail.com]]>
              </value>
            </param>
            <param index="7">
              <value>
                <![CDATA[7878547898]]>
              </value>
            </param>
          </params>
          <reporter-output>
            <line>
              <![CDATA[createContact testcase execution started]]>
            </line>
          </reporter-output>
        </test-method> <!-- createContact -->
        <test-method is-config="true" signature="logout()[pri:0, instance:testPackage.DataSupply2Test@1a4927d6]" started-at="2025-03-15T14:26:54 IST" name="logout" finished-at="2025-03-15T14:26:58 IST" duration-ms="3947" status="PASS">
          <reporter-output>
          </reporter-output>
        </test-method> <!-- logout -->
        <test-method is-config="true" signature="login(java.lang.String)[pri:0, instance:testPackage.DataSupply2Test@1a4927d6]" started-at="2025-03-15T14:26:58 IST" name="login" finished-at="2025-03-15T14:27:04 IST" duration-ms="5429" status="PASS">
          <params>
            <param index="0">
              <value>
                <![CDATA[edge]]>
              </value>
            </param>
          </params>
          <reporter-output>
          </reporter-output>
        </test-method> <!-- login -->
        <test-method signature="createContact(java.lang.String,java.lang.String,java.lang.String,java.lang.String,java.lang.String,java.lang.String,java.lang.String,java.lang.String)[pri:0, instance:testPackage.DataSupply2Test@1a4927d6]" started-at="2025-03-15T14:27:04 IST" name="createContact" data-provider="ContactDetails" finished-at="2025-03-15T14:27:29 IST" duration-ms="25135" status="PASS">
          <params>
            <param index="0">
              <value>
                <![CDATA[Ms.]]>
              </value>
            </param>
            <param index="1">
              <value>
                <![CDATA[Wonder]]>
              </value>
            </param>
            <param index="2">
              <value>
                <![CDATA[Women]]>
              </value>
            </param>
            <param index="3">
              <value>
                <![CDATA[Self Generated]]>
              </value>
            </param>
            <param index="4">
              <value>
                <![CDATA[Student]]>
              </value>
            </param>
            <param index="5">
              <value>
                <![CDATA[DC]]>
              </value>
            </param>
            <param index="6">
              <value>
                <![CDATA[wonder@gmail.com]]>
              </value>
            </param>
            <param index="7">
              <value>
                <![CDATA[8854698752]]>
              </value>
            </param>
          </params>
          <reporter-output>
            <line>
              <![CDATA[createContact testcase execution started]]>
            </line>
          </reporter-output>
        </test-method> <!-- createContact -->
        <test-method is-config="true" signature="logout()[pri:0, instance:testPackage.DataSupply2Test@1a4927d6]" started-at="2025-03-15T14:27:29 IST" name="logout" finished-at="2025-03-15T14:27:33 IST" duration-ms="3924" status="PASS">
          <reporter-output>
          </reporter-output>
        </test-method> <!-- logout -->
        <test-method is-config="true" signature="login(java.lang.String)[pri:0, instance:testPackage.DataSupply2Test@1a4927d6]" started-at="2025-03-15T14:27:33 IST" name="login" finished-at="2025-03-15T14:27:43 IST" duration-ms="10818" status="PASS">
          <params>
            <param index="0">
              <value>
                <![CDATA[edge]]>
              </value>
            </param>
          </params>
          <reporter-output>
          </reporter-output>
        </test-method> <!-- login -->
        <test-method signature="createContact(java.lang.String,java.lang.String,java.lang.String,java.lang.String,java.lang.String,java.lang.String,java.lang.String,java.lang.String)[pri:0, instance:testPackage.DataSupply2Test@1a4927d6]" started-at="2025-03-15T14:27:43 IST" name="createContact" data-provider="ContactDetails" finished-at="2025-03-15T14:28:05 IST" duration-ms="21313" status="PASS">
          <params>
            <param index="0">
              <value>
                <![CDATA[Mr.]]>
              </value>
            </param>
            <param index="1">
              <value>
                <![CDATA[SuperMan]]>
              </value>
            </param>
            <param index="2">
              <value>
                <![CDATA[Raj]]>
              </value>
            </param>
            <param index="3">
              <value>
                <![CDATA[Partner]]>
              </value>
            </param>
            <param index="4">
              <value>
                <![CDATA[Journalist]]>
              </value>
            </param>
            <param index="5">
              <value>
                <![CDATA[EEE]]>
              </value>
            </param>
            <param index="6">
              <value>
                <![CDATA[superman@gmail.com]]>
              </value>
            </param>
            <param index="7">
              <value>
                <![CDATA[2224778965]]>
              </value>
            </param>
          </params>
          <reporter-output>
            <line>
              <![CDATA[createContact testcase execution started]]>
            </line>
          </reporter-output>
        </test-method> <!-- createContact -->
        <test-method is-config="true" signature="logout()[pri:0, instance:testPackage.DataSupply2Test@1a4927d6]" started-at="2025-03-15T14:28:05 IST" name="logout" finished-at="2025-03-15T14:28:09 IST" duration-ms="4105" status="PASS">
          <reporter-output>
          </reporter-output>
        </test-method> <!-- logout -->
      </class> <!-- testPackage.DataSupply2Test -->
      <class name="testPackage.DataSupply">
        <test-method signature="printData(java.lang.String,java.lang.String)[pri:0, instance:testPackage.DataSupply@7a5ceedd]" started-at="2025-03-15T14:23:56 IST" name="printData" data-provider="userCredentials1" finished-at="2025-03-15T14:23:57 IST" duration-ms="33" status="PASS">
          <params>
            <param index="0">
              <value>
                <![CDATA[sneha@gmail.com]]>
              </value>
            </param>
            <param index="1">
              <value>
                <![CDATA[sneha@123]]>
              </value>
            </param>
          </params>
          <reporter-output>
            <line>
              <![CDATA[printData testcase execution started]]>
            </line>
          </reporter-output>
        </test-method> <!-- printData -->
        <test-method signature="printData(java.lang.String,java.lang.String)[pri:0, instance:testPackage.DataSupply@7a5ceedd]" started-at="2025-03-15T14:23:57 IST" name="printData" data-provider="userCredentials1" finished-at="2025-03-15T14:23:57 IST" duration-ms="7" status="PASS">
          <params>
            <param index="0">
              <value>
                <![CDATA[helen@gmail.com]]>
              </value>
            </param>
            <param index="1">
              <value>
                <![CDATA[helen@123]]>
              </value>
            </param>
          </params>
          <reporter-output>
            <line>
              <![CDATA[printData testcase execution started]]>
            </line>
          </reporter-output>
        </test-method> <!-- printData -->
        <test-method signature="printData(java.lang.String,java.lang.String)[pri:0, instance:testPackage.DataSupply@7a5ceedd]" started-at="2025-03-15T14:23:57 IST" name="printData" data-provider="userCredentials1" finished-at="2025-03-15T14:23:57 IST" duration-ms="4" status="PASS">
          <params>
            <param index="0">
              <value>
                <![CDATA[pious@gmail.com]]>
              </value>
            </param>
            <param index="1">
              <value>
                <![CDATA[pious@123]]>
              </value>
            </param>
          </params>
          <reporter-output>
            <line>
              <![CDATA[printData testcase execution started]]>
            </line>
          </reporter-output>
        </test-method> <!-- printData -->
        <test-method signature="printData(java.lang.String,java.lang.String)[pri:0, instance:testPackage.DataSupply@7a5ceedd]" started-at="2025-03-15T14:23:57 IST" name="printData" data-provider="userCredentials1" finished-at="2025-03-15T14:23:57 IST" duration-ms="6" status="PASS">
          <params>
            <param index="0">
              <value>
                <![CDATA[hari@gmail.com]]>
              </value>
            </param>
            <param index="1">
              <value>
                <![CDATA[hari@123]]>
              </value>
            </param>
          </params>
          <reporter-output>
            <line>
              <![CDATA[printData testcase execution started]]>
            </line>
          </reporter-output>
        </test-method> <!-- printData -->
      </class> <!-- testPackage.DataSupply -->
      <class name="testPackage.OrganizationTest">
        <test-method is-config="true" signature="login(java.lang.String)[pri:0, instance:testPackage.OrganizationTest@7a6d7e92]" started-at="2025-03-15T14:28:09 IST" name="login" finished-at="2025-03-15T14:28:19 IST" duration-ms="10123" status="PASS">
          <params>
            <param index="0">
              <value>
                <![CDATA[edge]]>
              </value>
            </param>
          </params>
          <reporter-output>
          </reporter-output>
        </test-method> <!-- login -->
        <test-method signature="createOrganization()[pri:0, instance:testPackage.OrganizationTest@7a6d7e92]" started-at="2025-03-15T14:28:19 IST" name="createOrganization" finished-at="2025-03-15T14:28:32 IST" duration-ms="13522" status="PASS">
          <reporter-output>
            <line>
              <![CDATA[createOrganization testcase execution started]]>
            </line>
          </reporter-output>
        </test-method> <!-- createOrganization -->
        <test-method is-config="true" signature="logout()[pri:0, instance:testPackage.OrganizationTest@7a6d7e92]" started-at="2025-03-15T14:28:32 IST" name="logout" finished-at="2025-03-15T14:28:34 IST" duration-ms="1111" status="FAIL">
          <exception class="org.openqa.selenium.NoSuchElementException">
            <message>
              <![CDATA[Unable to find element with locator By.linkText: Sign Out
For documentation on this error, please visit: https://www.selenium.dev/documentation/webdriver/troubleshooting/errors#no-such-element-exception
Build info: version: '4.27.0', revision: 'd6e718d134'
System info: os.name: 'Windows 11', os.arch: 'amd64', os.version: '10.0', java.version: '11.0.26'
Driver info: driver.version: RemoteWebDriver]]>
            </message>
            <full-stacktrace>
              <![CDATA[org.openqa.selenium.NoSuchElementException: Unable to find element with locator By.linkText: Sign Out
For documentation on this error, please visit: https://www.selenium.dev/documentation/webdriver/troubleshooting/errors#no-such-element-exception
Build info: version: '4.27.0', revision: 'd6e718d134'
System info: os.name: 'Windows 11', os.arch: 'amd64', os.version: '10.0', java.version: '11.0.26'
Driver info: driver.version: RemoteWebDriver
at org.openqa.selenium.remote.ElementLocation$ElementFinder$2.findElement(ElementLocation.java:168)
at org.openqa.selenium.remote.ElementLocation.findElement(ElementLocation.java:59)
at org.openqa.selenium.remote.RemoteWebDriver.findElement(RemoteWebDriver.java:368)
at org.openqa.selenium.remote.RemoteWebDriver.findElement(RemoteWebDriver.java:362)
at org.openqa.selenium.support.pagefactory.DefaultElementLocator.findElement(DefaultElementLocator.java:68)
at org.openqa.selenium.support.pagefactory.internal.LocatingElementHandler.invoke(LocatingElementHandler.java:38)
at com.sun.proxy.$Proxy16.click(Unknown Source)
at objectRepository.HomePage.signOut(HomePage.java:57)
at utilities.BaseClass.logout(BaseClass.java:62)
at java.base/jdk.internal.reflect.NativeMethodAccessorImpl.invoke0(Native Method)
at java.base/jdk.internal.reflect.NativeMethodAccessorImpl.invoke(NativeMethodAccessorImpl.java:62)
at java.base/jdk.internal.reflect.DelegatingMethodAccessorImpl.invoke(DelegatingMethodAccessorImpl.java:43)
at java.base/java.lang.reflect.Method.invoke(Method.java:566)
at org.testng.internal.invokers.MethodInvocationHelper.invokeMethod(MethodInvocationHelper.java:141)
at org.testng.internal.invokers.MethodInvocationHelper.invokeMethodConsideringTimeout(MethodInvocationHelper.java:71)
at org.testng.internal.invokers.ConfigInvoker.invokeConfigurationMethod(ConfigInvoker.java:400)
at org.testng.internal.invokers.ConfigInvoker.invokeConfigurations(ConfigInvoker.java:333)
at org.testng.internal.invokers.TestInvoker.runConfigMethods(TestInvoker.java:833)
at org.testng.internal.invokers.TestInvoker.runAfterConfigurations(TestInvoker.java:802)
at org.testng.internal.invokers.TestInvoker.invokeMethod(TestInvoker.java:778)
at org.testng.internal.invokers.TestInvoker.invokeTestMethod(TestInvoker.java:230)
at org.testng.internal.invokers.MethodRunner.runInSequence(MethodRunner.java:63)
at org.testng.internal.invokers.TestInvoker$MethodInvocationAgent.invoke(TestInvoker.java:992)
at org.testng.internal.invokers.TestInvoker.invokeTestMethods(TestInvoker.java:203)
at org.testng.internal.invokers.TestMethodWorker.invokeTestMethods(TestMethodWorker.java:154)
at org.testng.internal.invokers.TestMethodWorker.run(TestMethodWorker.java:134)
at java.base/java.util.ArrayList.forEach(ArrayList.java:1541)
at org.testng.TestRunner.privateRun(TestRunner.java:739)
at org.testng.TestRunner.run(TestRunner.java:614)
at org.testng.SuiteRunner.runTest(SuiteRunner.java:421)
at org.testng.SuiteRunner.runSequentially(SuiteRunner.java:413)
at org.testng.SuiteRunner.privateRun(SuiteRunner.java:373)
at org.testng.SuiteRunner.run(SuiteRunner.java:312)
at org.testng.SuiteRunnerWorker.runSuite(SuiteRunnerWorker.java:52)
at org.testng.SuiteRunnerWorker.run(SuiteRunnerWorker.java:95)
at org.testng.TestNG.runSuitesSequentially(TestNG.java:1274)
at org.testng.TestNG.runSuitesLocally(TestNG.java:1208)
at org.testng.TestNG.runSuites(TestNG.java:1112)
at org.testng.TestNG.run(TestNG.java:1079)
at org.testng.remote.AbstractRemoteTestNG.run(AbstractRemoteTestNG.java:115)
at org.testng.remote.RemoteTestNG.initAndRun(RemoteTestNG.java:293)
at org.testng.remote.RemoteTestNG.main(RemoteTestNG.java:91)
]]>
            </full-stacktrace>
          </exception> <!-- org.openqa.selenium.NoSuchElementException -->
          <reporter-output>
          </reporter-output>
        </test-method> <!-- logout -->
      </class> <!-- testPackage.OrganizationTest -->
      <class name="testPackage.LeadsTest">
        <test-method is-config="true" signature="login(java.lang.String)[pri:0, instance:testPackage.LeadsTest@6e535154]" started-at="2025-03-15T14:23:58 IST" name="login" finished-at="2025-03-15T14:24:11 IST" duration-ms="13409" status="PASS">
          <params>
            <param index="0">
              <value>
                <![CDATA[edge]]>
              </value>
            </param>
          </params>
          <reporter-output>
          </reporter-output>
        </test-method> <!-- login -->
        <test-method signature="createLead()[pri:0, instance:testPackage.LeadsTest@6e535154]" started-at="2025-03-15T14:24:11 IST" name="createLead" finished-at="2025-03-15T14:24:32 IST" duration-ms="21144" status="PASS">
          <reporter-output>
            <line>
              <![CDATA[createLead testcase execution started]]>
            </line>
          </reporter-output>
        </test-method> <!-- createLead -->
        <test-method is-config="true" signature="logout()[pri:0, instance:testPackage.LeadsTest@6e535154]" started-at="2025-03-15T14:24:32 IST" name="logout" finished-at="2025-03-15T14:24:36 IST" duration-ms="3985" status="PASS">
          <reporter-output>
          </reporter-output>
        </test-method> <!-- logout -->
      </class> <!-- testPackage.LeadsTest -->
      <class name="testPackage.DataSupply1">
        <test-method signature="contactDetails(java.lang.String,java.lang.String,java.lang.String,java.lang.String,java.lang.String,java.lang.String,java.lang.String,java.lang.String)[pri:0, instance:testPackage.DataSupply1@5f8e8a9d]" started-at="2025-03-15T14:23:58 IST" name="contactDetails" data-provider="dataBaseContacts" finished-at="2025-03-15T14:23:58 IST" duration-ms="1" status="PASS">
          <params>
            <param index="0">
              <value>
                <![CDATA[Mr.]]>
              </value>
            </param>
            <param index="1">
              <value>
                <![CDATA[Iron]]>
              </value>
            </param>
            <param index="2">
              <value>
                <![CDATA[Man]]>
              </value>
            </param>
            <param index="3">
              <value>
                <![CDATA[Employee]]>
              </value>
            </param>
            <param index="4">
              <value>
                <![CDATA[Mechanic]]>
              </value>
            </param>
            <param index="5">
              <value>
                <![CDATA[EEE]]>
              </value>
            </param>
            <param index="6">
              <value>
                <![CDATA[ironman@gmail.com]]>
              </value>
            </param>
            <param index="7">
              <value>
                <![CDATA[7896554789]]>
              </value>
            </param>
          </params>
          <reporter-output>
            <line>
              <![CDATA[contactDetails testcase execution started]]>
            </line>
          </reporter-output>
        </test-method> <!-- contactDetails -->
        <test-method signature="contactDetails(java.lang.String,java.lang.String,java.lang.String,java.lang.String,java.lang.String,java.lang.String,java.lang.String,java.lang.String)[pri:0, instance:testPackage.DataSupply1@5f8e8a9d]" started-at="2025-03-15T14:23:58 IST" name="contactDetails" data-provider="dataBaseContacts" finished-at="2025-03-15T14:23:58 IST" duration-ms="1" status="PASS">
          <params>
            <param index="0">
              <value>
                <![CDATA[Mr.]]>
              </value>
            </param>
            <param index="1">
              <value>
                <![CDATA[Spider]]>
              </value>
            </param>
            <param index="2">
              <value>
                <![CDATA[Man]]>
              </value>
            </param>
            <param index="3">
              <value>
                <![CDATA[Employee]]>
              </value>
            </param>
            <param index="4">
              <value>
                <![CDATA[Student]]>
              </value>
            </param>
            <param index="5">
              <value>
                <![CDATA[EC]]>
              </value>
            </param>
            <param index="6">
              <value>
                <![CDATA[spiderman@gmail.com]]>
              </value>
            </param>
            <param index="7">
              <value>
                <![CDATA[7896354789]]>
              </value>
            </param>
          </params>
          <reporter-output>
            <line>
              <![CDATA[contactDetails testcase execution started]]>
            </line>
          </reporter-output>
        </test-method> <!-- contactDetails -->
        <test-method signature="contactDetails(java.lang.String,java.lang.String,java.lang.String,java.lang.String,java.lang.String,java.lang.String,java.lang.String,java.lang.String)[pri:0, instance:testPackage.DataSupply1@5f8e8a9d]" started-at="2025-03-15T14:23:58 IST" name="contactDetails" data-provider="dataBaseContacts" finished-at="2025-03-15T14:23:58 IST" duration-ms="2" status="PASS">
          <params>
            <param index="0">
              <value>
                <![CDATA[Ms.]]>
              </value>
            </param>
            <param index="1">
              <value>
                <![CDATA[Black]]>
              </value>
            </param>
            <param index="2">
              <value>
                <![CDATA[Widow]]>
              </value>
            </param>
            <param index="3">
              <value>
                <![CDATA[Employee]]>
              </value>
            </param>
            <param index="4">
              <value>
                <![CDATA[Student]]>
              </value>
            </param>
            <param index="5">
              <value>
                <![CDATA[Ee]]>
              </value>
            </param>
            <param index="6">
              <value>
                <![CDATA[blackwidow@gmail.com]]>
              </value>
            </param>
            <param index="7">
              <value>
                <![CDATA[7896354780]]>
              </value>
            </param>
          </params>
          <reporter-output>
            <line>
              <![CDATA[contactDetails testcase execution started]]>
            </line>
          </reporter-output>
        </test-method> <!-- contactDetails -->
      </class> <!-- testPackage.DataSupply1 -->
    </test> <!-- mainTest -->
  </suite> <!-- mainSuite -->
</testng-results>
