<?xml version="1.0" encoding="UTF-8"?>
<!-- Generated by org.testng.reporters.JUnitReportReporter -->
<testsuite hostname="SREEKANTH" failures="0" tests="3" name="testPackage.DataSupply1" time="0.004" errors="0" timestamp="2025-03-15T14:28:35 IST" skipped="0">
  <testcase classname="testPackage.DataSupply1" name="contactDetails" time="0.001">
    <system-out>
      <![CDATA[contactDetails testcase execution started]]>
    </system-out>
  </testcase> <!-- contactDetails -->
  <testcase classname="testPackage.DataSupply1" name="contactDetails" time="0.002">
    <system-out>
      <![CDATA[contactDetails testcase execution started]]>
    </system-out>
  </testcase> <!-- contactDetails -->
  <testcase classname="testPackage.DataSupply1" name="contactDetails" time="0.001">
    <system-out>
      <![CDATA[contactDetails testcase execution started]]>
    </system-out>
  </testcase> <!-- contactDetails -->
  <system-out>
    <![CDATA[---Execution Started---
printData testcase execution started
printData testcase execution started
printData testcase execution started
printData testcase execution started
contactDetails testcase execution started
contactDetails testcase execution started
contactDetails testcase execution started
createLead testcase execution started
createContact testcase execution started
createContact testcase failed
java.lang.AssertionError: null
createContact testcase execution started
createContact testcase failed
java.lang.AssertionError: null
createContact testcase execution started
createContact testcase failed
java.lang.AssertionError: null
createContact testcase execution started
createContact testcase execution started
createContact testcase execution started
createOrganization testcase execution started]]>
  </system-out>
</testsuite> <!-- testPackage.DataSupply1 -->
