<?xml version="1.0" encoding="UTF-8"?>
<!-- Generated by org.testng.reporters.JUnitReportReporter -->
<testsuite hostname="SREEKANTH" failures="0" tests="4" name="testPackage.DataSupply" time="0.050" errors="0" timestamp="2025-03-15T14:28:35 IST" skipped="0">
  <testcase classname="testPackage.DataSupply" name="printData" time="0.006">
    <system-out>
      <![CDATA[printData testcase execution started]]>
    </system-out>
  </testcase> <!-- printData -->
  <testcase classname="testPackage.DataSupply" name="printData" time="0.004">
    <system-out>
      <![CDATA[printData testcase execution started]]>
    </system-out>
  </testcase> <!-- printData -->
  <testcase classname="testPackage.DataSupply" name="printData" time="0.033">
    <system-out>
      <![CDATA[printData testcase execution started]]>
    </system-out>
  </testcase> <!-- printData -->
  <testcase classname="testPackage.DataSupply" name="printData" time="0.007">
    <system-out>
      <![CDATA[printData testcase execution started]]>
    </system-out>
  </testcase> <!-- printData -->
  <system-out>
    <![CDATA[---Execution Started---
printData testcase execution started
printData testcase execution started
printData testcase execution started
printData testcase execution started
contactDetails testcase execution started
contactDetails testcase execution started
contactDetails testcase execution started
createLead testcase execution started
createContact testcase execution started
createContact testcase failed
java.lang.AssertionError: null
createContact testcase execution started
createContact testcase failed
java.lang.AssertionError: null
createContact testcase execution started
createContact testcase failed
java.lang.AssertionError: null
createContact testcase execution started
createContact testcase execution started
createContact testcase execution started
createOrganization testcase execution started]]>
  </system-out>
</testsuite> <!-- testPackage.DataSupply -->
